exec ${PAGER:-/usr/bin/less} "$0" || exit 1
Executing tests from //comm/test:test_icsl_comm
-----------------------------------------------------------------------------
Running main() from gmock_main.cc
[==========] Running 1 test from 1 test suite.
[----------] Global test environment set-up.
[----------] 1 test from ICSLComm
[ RUN      ] ICSLComm.construct_1
hello
comm/test/test_icsl_comm.cc:26: Failure
Value of: rcv_msg != msg
  Actual: false
Expected: true
[  FAILED  ] ICSLComm.construct_1 (0 ms)
[----------] 1 test from ICSLComm (0 ms total)

[----------] Global test environment tear-down
[==========] 1 test from 1 test suite ran. (0 ms total)
[  PASSED  ] 0 tests.
[  FAILED  ] 1 test, listed below:
[  FAILED  ] ICSLComm.construct_1

 1 FAILED TEST
